[debug] [2024-10-10T17:07:08.788Z] ----------------------------------------------------------------------
[debug] [2024-10-10T17:07:08.790Z] Command:       /nix/store/aspnwxp3q1wvg8jd1zg0295zmhr3lkb3-nodejs-18.19.1/bin/node /nix/store/xr72gg2gqad71hsvz1yfdcshbrd0b1f8-firebase-tools-13.19.0/lib/node_modules/firebase-tools/lib/bin/firebase.js init hosting
[debug] [2024-10-10T17:07:08.791Z] CLI Version:   13.19.0
[debug] [2024-10-10T17:07:08.791Z] Platform:      linux
[debug] [2024-10-10T17:07:08.791Z] Node Version:  v18.19.1
[debug] [2024-10-10T17:07:08.792Z] Time:          Thu Oct 10 2024 17:07:08 GMT+0000 (Coordinated Universal Time)
[debug] [2024-10-10T17:07:08.792Z] ----------------------------------------------------------------------
[debug] 
[debug] [2024-10-10T17:07:08.810Z] > command requires scopes: ["email","openid","https://www.googleapis.com/auth/cloudplatformprojects.readonly","https://www.googleapis.com/auth/firebase","https://www.googleapis.com/auth/cloud-platform"]
[info] 
     ######## #### ########  ######## ########     ###     ######  ########
     ##        ##  ##     ## ##       ##     ##  ##   ##  ##       ##
     ######    ##  ########  ######   ########  #########  ######  ######
     ##        ##  ##    ##  ##       ##     ## ##     ##       ## ##
     ##       #### ##     ## ######## ########  ##     ##  ######  ########

You're about to initialize a Firebase project in this directory:

  /home/user/eg

[info] 
=== Project Setup
[info] 
[info] First, let's associate this project directory with a Firebase project.
[info] You can create multiple project aliases by running firebase use --add, 
[info] but for now we'll just set up a default project.
[info] 
